<?xml version="1.0" encoding="UTF-8"?>
<testng-results skipped="1" failed="0" ignored="0" total="1" passed="0">
  <reporter-output>
  </reporter-output>
  <suite name="Default suite" duration-ms="17153" started-at="2021-03-13T10:34:14Z" finished-at="2021-03-13T10:34:31Z">
    <groups>
    </groups>
    <test name="Default test" duration-ms="17153" started-at="2021-03-13T10:34:14Z" finished-at="2021-03-13T10:34:31Z">
      <class name="perfomencepagetestcase.PefomenceTestCase">
        <test-method status="FAIL" signature="setupBowser()[pri:0, instance:perfomencepagetestcase.PefomenceTestCase@70fda8]" name="setupBowser" is-config="true" duration-ms="0" started-at="2021-03-13T16:04:14Z" finished-at="2021-03-13T16:04:14Z">
          <exception class="org.openqa.selenium.SessionNotCreatedException">
            <message>
              <![CDATA[session not created: This version of ChromeDriver only supports Chrome version 86
Current browser version is 88.0.4324.190 with binary path C:\Program Files\Google\Chrome\Application\chrome.exe
Build info: version: '3.141.59', revision: 'e82be7d358', time: '2018-11-14T08:25:48'
System info: host: 'KAUSHIK-PC', ip: '192.168.15.13', os.name: 'Windows 7', os.arch: 'x86', os.version: '6.1', java.version: '1.8.0_231'
Driver info: driver.version: ChromeDriver
remote stacktrace: Backtrace:
	Ordinal0 [0x00D9C013+3194899]
	Ordinal0 [0x00C86021+2056225]
	Ordinal0 [0x00B1F608+587272]
	Ordinal0 [0x00AA1BF3+72691]
	Ordinal0 [0x00A9E229+57897]
	Ordinal0 [0x00A9C64A+50762]
	Ordinal0 [0x00AC1EE9+204521]
	Ordinal0 [0x00AC1D0D+204045]
	Ordinal0 [0x00ABFC1B+195611]
	Ordinal0 [0x00AA3B7F+80767]
	Ordinal0 [0x00AA4B4E+84814]
	Ordinal0 [0x00AA4AD9+84697]
	Ordinal0 [0x00C9CE64+2149988]
	GetHandleVerifier [0x00F0BE95+1400773]
	GetHandleVerifier [0x00F0BB61+1399953]
	GetHandleVerifier [0x00F131FA+1430314]
	GetHandleVerifier [0x00F0C69F+1402831]
	Ordinal0 [0x00C93D61+2112865]
	Ordinal0 [0x00C9E5CB+2155979]
	Ordinal0 [0x00C9E6F5+2156277]
	Ordinal0 [0x00CAF26E+2224750]
	BaseThreadInitThunk [0x75F83C45+18]
	RtlInitializeExceptionChain [0x77B437F5+239]
	RtlInitializeExceptionChain [0x77B437C8+194]
]]>
            </message>
            <full-stacktrace>
              <![CDATA[org.openqa.selenium.SessionNotCreatedException: session not created: This version of ChromeDriver only supports Chrome version 86
Current browser version is 88.0.4324.190 with binary path C:\Program Files\Google\Chrome\Application\chrome.exe
Build info: version: '3.141.59', revision: 'e82be7d358', time: '2018-11-14T08:25:48'
System info: host: 'KAUSHIK-PC', ip: '192.168.15.13', os.name: 'Windows 7', os.arch: 'x86', os.version: '6.1', java.version: '1.8.0_231'
Driver info: driver.version: ChromeDriver
remote stacktrace: Backtrace:
	Ordinal0 [0x00D9C013+3194899]
	Ordinal0 [0x00C86021+2056225]
	Ordinal0 [0x00B1F608+587272]
	Ordinal0 [0x00AA1BF3+72691]
	Ordinal0 [0x00A9E229+57897]
	Ordinal0 [0x00A9C64A+50762]
	Ordinal0 [0x00AC1EE9+204521]
	Ordinal0 [0x00AC1D0D+204045]
	Ordinal0 [0x00ABFC1B+195611]
	Ordinal0 [0x00AA3B7F+80767]
	Ordinal0 [0x00AA4B4E+84814]
	Ordinal0 [0x00AA4AD9+84697]
	Ordinal0 [0x00C9CE64+2149988]
	GetHandleVerifier [0x00F0BE95+1400773]
	GetHandleVerifier [0x00F0BB61+1399953]
	GetHandleVerifier [0x00F131FA+1430314]
	GetHandleVerifier [0x00F0C69F+1402831]
	Ordinal0 [0x00C93D61+2112865]
	Ordinal0 [0x00C9E5CB+2155979]
	Ordinal0 [0x00C9E6F5+2156277]
	Ordinal0 [0x00CAF26E+2224750]
	BaseThreadInitThunk [0x75F83C45+18]
	RtlInitializeExceptionChain [0x77B437F5+239]
	RtlInitializeExceptionChain [0x77B437C8+194]

	at sun.reflect.NativeConstructorAccessorImpl.newInstance0(Native Method)
	at sun.reflect.NativeConstructorAccessorImpl.newInstance(Unknown Source)
	at sun.reflect.DelegatingConstructorAccessorImpl.newInstance(Unknown Source)
	at java.lang.reflect.Constructor.newInstance(Unknown Source)
	at org.openqa.selenium.remote.W3CHandshakeResponse.lambda$errorHandler$0(W3CHandshakeResponse.java:62)
	at org.openqa.selenium.remote.HandshakeResponse.lambda$getResponseFunction$0(HandshakeResponse.java:30)
	at org.openqa.selenium.remote.ProtocolHandshake.lambda$createSession$0(ProtocolHandshake.java:126)
	at java.util.stream.ReferencePipeline$3$1.accept(Unknown Source)
	at java.util.Spliterators$ArraySpliterator.tryAdvance(Unknown Source)
	at java.util.stream.ReferencePipeline.forEachWithCancel(Unknown Source)
	at java.util.stream.AbstractPipeline.copyIntoWithCancel(Unknown Source)
	at java.util.stream.AbstractPipeline.copyInto(Unknown Source)
	at java.util.stream.AbstractPipeline.wrapAndCopyInto(Unknown Source)
	at java.util.stream.FindOps$FindOp.evaluateSequential(Unknown Source)
	at java.util.stream.AbstractPipeline.evaluate(Unknown Source)
	at java.util.stream.ReferencePipeline.findFirst(Unknown Source)
	at org.openqa.selenium.remote.ProtocolHandshake.createSession(ProtocolHandshake.java:128)
	at org.openqa.selenium.remote.ProtocolHandshake.createSession(ProtocolHandshake.java:74)
	at org.openqa.selenium.remote.HttpCommandExecutor.execute(HttpCommandExecutor.java:136)
	at org.openqa.selenium.remote.service.DriverCommandExecutor.execute(DriverCommandExecutor.java:83)
	at org.openqa.selenium.remote.RemoteWebDriver.execute(RemoteWebDriver.java:552)
	at org.openqa.selenium.remote.RemoteWebDriver.startSession(RemoteWebDriver.java:213)
	at org.openqa.selenium.remote.RemoteWebDriver.<init>(RemoteWebDriver.java:131)
	at org.openqa.selenium.chrome.ChromeDriver.<init>(ChromeDriver.java:181)
	at org.openqa.selenium.chrome.ChromeDriver.<init>(ChromeDriver.java:168)
	at org.openqa.selenium.chrome.ChromeDriver.<init>(ChromeDriver.java:123)
	at perfomencepagetestcase.PefomenceTestCase.setupBowser(PefomenceTestCase.java:21)
	at sun.reflect.NativeMethodAccessorImpl.invoke0(Native Method)
	at sun.reflect.NativeMethodAccessorImpl.invoke(Unknown Source)
	at sun.reflect.DelegatingMethodAccessorImpl.invoke(Unknown Source)
	at java.lang.reflect.Method.invoke(Unknown Source)
	at org.testng.internal.MethodInvocationHelper.invokeMethod(MethodInvocationHelper.java:104)
	at org.testng.internal.Invoker.invokeConfigurationMethod(Invoker.java:515)
	at org.testng.internal.Invoker.invokeConfigurations(Invoker.java:217)
	at org.testng.internal.Invoker.invokeConfigurations(Invoker.java:144)
	at org.testng.internal.TestMethodWorker.invokeBeforeClassMethods(TestMethodWorker.java:169)
	at org.testng.internal.TestMethodWorker.run(TestMethodWorker.java:108)
	at org.testng.TestRunner.privateRun(TestRunner.java:756)
	at org.testng.TestRunner.run(TestRunner.java:610)
	at org.testng.SuiteRunner.runTest(SuiteRunner.java:387)
	at org.testng.SuiteRunner.runSequentially(SuiteRunner.java:382)
	at org.testng.SuiteRunner.privateRun(SuiteRunner.java:340)
	at org.testng.SuiteRunner.run(SuiteRunner.java:289)
	at org.testng.SuiteRunnerWorker.runSuite(SuiteRunnerWorker.java:52)
	at org.testng.SuiteRunnerWorker.run(SuiteRunnerWorker.java:86)
	at org.testng.TestNG.runSuitesSequentially(TestNG.java:1293)
	at org.testng.TestNG.runSuitesLocally(TestNG.java:1218)
	at org.testng.TestNG.runSuites(TestNG.java:1133)
	at org.testng.TestNG.run(TestNG.java:1104)
	at org.testng.remote.AbstractRemoteTestNG.run(AbstractRemoteTestNG.java:132)
	at org.testng.remote.RemoteTestNG.initAndRun(RemoteTestNG.java:236)
	at org.testng.remote.RemoteTestNG.main(RemoteTestNG.java:81)
]]>
            </full-stacktrace>
          </exception> <!-- org.openqa.selenium.SessionNotCreatedException -->
          <reporter-output>
          </reporter-output>
        </test-method> <!-- setupBowser -->
        <test-method status="SKIP" signature="Login()[pri:0, instance:perfomencepagetestcase.PefomenceTestCase@70fda8]" name="Login" is-config="true" duration-ms="0" started-at="2021-03-13T16:04:31Z" finished-at="2021-03-13T16:04:31Z">
          <reporter-output>
          </reporter-output>
        </test-method> <!-- Login -->
        <test-method status="SKIP" signature="dashBoard()[pri:1, instance:perfomencepagetestcase.PefomenceTestCase@70fda8]" name="dashBoard" duration-ms="4" started-at="2021-03-13T16:04:31Z" finished-at="2021-03-13T16:04:31Z">
          <exception class="org.openqa.selenium.SessionNotCreatedException">
            <message>
              <![CDATA[session not created: This version of ChromeDriver only supports Chrome version 86
Current browser version is 88.0.4324.190 with binary path C:\Program Files\Google\Chrome\Application\chrome.exe
Build info: version: '3.141.59', revision: 'e82be7d358', time: '2018-11-14T08:25:48'
System info: host: 'KAUSHIK-PC', ip: '192.168.15.13', os.name: 'Windows 7', os.arch: 'x86', os.version: '6.1', java.version: '1.8.0_231'
Driver info: driver.version: ChromeDriver
remote stacktrace: Backtrace:
	Ordinal0 [0x00D9C013+3194899]
	Ordinal0 [0x00C86021+2056225]
	Ordinal0 [0x00B1F608+587272]
	Ordinal0 [0x00AA1BF3+72691]
	Ordinal0 [0x00A9E229+57897]
	Ordinal0 [0x00A9C64A+50762]
	Ordinal0 [0x00AC1EE9+204521]
	Ordinal0 [0x00AC1D0D+204045]
	Ordinal0 [0x00ABFC1B+195611]
	Ordinal0 [0x00AA3B7F+80767]
	Ordinal0 [0x00AA4B4E+84814]
	Ordinal0 [0x00AA4AD9+84697]
	Ordinal0 [0x00C9CE64+2149988]
	GetHandleVerifier [0x00F0BE95+1400773]
	GetHandleVerifier [0x00F0BB61+1399953]
	GetHandleVerifier [0x00F131FA+1430314]
	GetHandleVerifier [0x00F0C69F+1402831]
	Ordinal0 [0x00C93D61+2112865]
	Ordinal0 [0x00C9E5CB+2155979]
	Ordinal0 [0x00C9E6F5+2156277]
	Ordinal0 [0x00CAF26E+2224750]
	BaseThreadInitThunk [0x75F83C45+18]
	RtlInitializeExceptionChain [0x77B437F5+239]
	RtlInitializeExceptionChain [0x77B437C8+194]
]]>
            </message>
            <full-stacktrace>
              <![CDATA[org.openqa.selenium.SessionNotCreatedException: session not created: This version of ChromeDriver only supports Chrome version 86
Current browser version is 88.0.4324.190 with binary path C:\Program Files\Google\Chrome\Application\chrome.exe
Build info: version: '3.141.59', revision: 'e82be7d358', time: '2018-11-14T08:25:48'
System info: host: 'KAUSHIK-PC', ip: '192.168.15.13', os.name: 'Windows 7', os.arch: 'x86', os.version: '6.1', java.version: '1.8.0_231'
Driver info: driver.version: ChromeDriver
remote stacktrace: Backtrace:
	Ordinal0 [0x00D9C013+3194899]
	Ordinal0 [0x00C86021+2056225]
	Ordinal0 [0x00B1F608+587272]
	Ordinal0 [0x00AA1BF3+72691]
	Ordinal0 [0x00A9E229+57897]
	Ordinal0 [0x00A9C64A+50762]
	Ordinal0 [0x00AC1EE9+204521]
	Ordinal0 [0x00AC1D0D+204045]
	Ordinal0 [0x00ABFC1B+195611]
	Ordinal0 [0x00AA3B7F+80767]
	Ordinal0 [0x00AA4B4E+84814]
	Ordinal0 [0x00AA4AD9+84697]
	Ordinal0 [0x00C9CE64+2149988]
	GetHandleVerifier [0x00F0BE95+1400773]
	GetHandleVerifier [0x00F0BB61+1399953]
	GetHandleVerifier [0x00F131FA+1430314]
	GetHandleVerifier [0x00F0C69F+1402831]
	Ordinal0 [0x00C93D61+2112865]
	Ordinal0 [0x00C9E5CB+2155979]
	Ordinal0 [0x00C9E6F5+2156277]
	Ordinal0 [0x00CAF26E+2224750]
	BaseThreadInitThunk [0x75F83C45+18]
	RtlInitializeExceptionChain [0x77B437F5+239]
	RtlInitializeExceptionChain [0x77B437C8+194]

	at sun.reflect.NativeConstructorAccessorImpl.newInstance0(Native Method)
	at sun.reflect.NativeConstructorAccessorImpl.newInstance(Unknown Source)
	at sun.reflect.DelegatingConstructorAccessorImpl.newInstance(Unknown Source)
	at java.lang.reflect.Constructor.newInstance(Unknown Source)
	at org.openqa.selenium.remote.W3CHandshakeResponse.lambda$errorHandler$0(W3CHandshakeResponse.java:62)
	at org.openqa.selenium.remote.HandshakeResponse.lambda$getResponseFunction$0(HandshakeResponse.java:30)
	at org.openqa.selenium.remote.ProtocolHandshake.lambda$createSession$0(ProtocolHandshake.java:126)
	at java.util.stream.ReferencePipeline$3$1.accept(Unknown Source)
	at java.util.Spliterators$ArraySpliterator.tryAdvance(Unknown Source)
	at java.util.stream.ReferencePipeline.forEachWithCancel(Unknown Source)
	at java.util.stream.AbstractPipeline.copyIntoWithCancel(Unknown Source)
	at java.util.stream.AbstractPipeline.copyInto(Unknown Source)
	at java.util.stream.AbstractPipeline.wrapAndCopyInto(Unknown Source)
	at java.util.stream.FindOps$FindOp.evaluateSequential(Unknown Source)
	at java.util.stream.AbstractPipeline.evaluate(Unknown Source)
	at java.util.stream.ReferencePipeline.findFirst(Unknown Source)
	at org.openqa.selenium.remote.ProtocolHandshake.createSession(ProtocolHandshake.java:128)
	at org.openqa.selenium.remote.ProtocolHandshake.createSession(ProtocolHandshake.java:74)
	at org.openqa.selenium.remote.HttpCommandExecutor.execute(HttpCommandExecutor.java:136)
	at org.openqa.selenium.remote.service.DriverCommandExecutor.execute(DriverCommandExecutor.java:83)
	at org.openqa.selenium.remote.RemoteWebDriver.execute(RemoteWebDriver.java:552)
	at org.openqa.selenium.remote.RemoteWebDriver.startSession(RemoteWebDriver.java:213)
	at org.openqa.selenium.remote.RemoteWebDriver.<init>(RemoteWebDriver.java:131)
	at org.openqa.selenium.chrome.ChromeDriver.<init>(ChromeDriver.java:181)
	at org.openqa.selenium.chrome.ChromeDriver.<init>(ChromeDriver.java:168)
	at org.openqa.selenium.chrome.ChromeDriver.<init>(ChromeDriver.java:123)
	at perfomencepagetestcase.PefomenceTestCase.setupBowser(PefomenceTestCase.java:21)
	at sun.reflect.NativeMethodAccessorImpl.invoke0(Native Method)
	at sun.reflect.NativeMethodAccessorImpl.invoke(Unknown Source)
	at sun.reflect.DelegatingMethodAccessorImpl.invoke(Unknown Source)
	at java.lang.reflect.Method.invoke(Unknown Source)
	at org.testng.internal.MethodInvocationHelper.invokeMethod(MethodInvocationHelper.java:104)
	at org.testng.internal.Invoker.invokeConfigurationMethod(Invoker.java:515)
	at org.testng.internal.Invoker.invokeConfigurations(Invoker.java:217)
	at org.testng.internal.Invoker.invokeConfigurations(Invoker.java:144)
	at org.testng.internal.TestMethodWorker.invokeBeforeClassMethods(TestMethodWorker.java:169)
	at org.testng.internal.TestMethodWorker.run(TestMethodWorker.java:108)
	at org.testng.TestRunner.privateRun(TestRunner.java:756)
	at org.testng.TestRunner.run(TestRunner.java:610)
	at org.testng.SuiteRunner.runTest(SuiteRunner.java:387)
	at org.testng.SuiteRunner.runSequentially(SuiteRunner.java:382)
	at org.testng.SuiteRunner.privateRun(SuiteRunner.java:340)
	at org.testng.SuiteRunner.run(SuiteRunner.java:289)
	at org.testng.SuiteRunnerWorker.runSuite(SuiteRunnerWorker.java:52)
	at org.testng.SuiteRunnerWorker.run(SuiteRunnerWorker.java:86)
	at org.testng.TestNG.runSuitesSequentially(TestNG.java:1293)
	at org.testng.TestNG.runSuitesLocally(TestNG.java:1218)
	at org.testng.TestNG.runSuites(TestNG.java:1133)
	at org.testng.TestNG.run(TestNG.java:1104)
	at org.testng.remote.AbstractRemoteTestNG.run(AbstractRemoteTestNG.java:132)
	at org.testng.remote.RemoteTestNG.initAndRun(RemoteTestNG.java:236)
	at org.testng.remote.RemoteTestNG.main(RemoteTestNG.java:81)
]]>
            </full-stacktrace>
          </exception> <!-- org.openqa.selenium.SessionNotCreatedException -->
          <reporter-output>
          </reporter-output>
        </test-method> <!-- dashBoard -->
        <test-method status="SKIP" signature="logout()[pri:0, instance:perfomencepagetestcase.PefomenceTestCase@70fda8]" name="logout" is-config="true" duration-ms="0" started-at="2021-03-13T16:04:31Z" finished-at="2021-03-13T16:04:31Z">
          <reporter-output>
          </reporter-output>
        </test-method> <!-- logout -->
        <test-method status="SKIP" signature="closeBrowser()[pri:0, instance:perfomencepagetestcase.PefomenceTestCase@70fda8]" name="closeBrowser" is-config="true" duration-ms="0" started-at="2021-03-13T16:04:31Z" finished-at="2021-03-13T16:04:31Z">
          <reporter-output>
          </reporter-output>
        </test-method> <!-- closeBrowser -->
      </class> <!-- perfomencepagetestcase.PefomenceTestCase -->
    </test> <!-- Default test -->
  </suite> <!-- Default suite -->
</testng-results>
