<?xml version="1.0" encoding="UTF-8"?>
<!-- Generated by org.testng.reporters.JUnitReportReporter -->
<testsuite name="windowHandle.WindowHandles" tests="2" time="0.015" ignored="0" failures="0" timestamp="12 Mar 2021 00:22:54 GMT" skipped="1" hostname="Kaushik-PC" errors="1">
  <testcase name="BrowserConfiguration" time="0.000" classname="windowHandle.WindowHandles">
    <error type="org.openqa.selenium.SessionNotCreatedException" message="session not created: This version of ChromeDriver only supports Chrome version 86
Current browser version is 88.0.4324.190 with binary path C:\Program Files\Google\Chrome\Application\chrome.exe
Build info: version: &#039;3.141.59&#039;, revision: &#039;e82be7d358&#039;, time: &#039;2018-11-14T08:25:48&#039;
System info: host: &#039;KAUSHIK-PC&#039;, ip: &#039;192.168.15.13&#039;, os.name: &#039;Windows 7&#039;, os.arch: &#039;x86&#039;, os.version: &#039;6.1&#039;, java.version: &#039;1.8.0_231&#039;
Driver info: driver.version: ChromeDriver
remote stacktrace: Backtrace:
	Ordinal0 [0x003CC013+3194899]
	Ordinal0 [0x002B6021+2056225]
	Ordinal0 [0x0014F608+587272]
	Ordinal0 [0x000D1BF3+72691]
	Ordinal0 [0x000CE229+57897]
	Ordinal0 [0x000CC64A+50762]
	Ordinal0 [0x000F1EE9+204521]
	Ordinal0 [0x000F1D0D+204045]
	Ordinal0 [0x000EFC1B+195611]
	Ordinal0 [0x000D3B7F+80767]
	Ordinal0 [0x000D4B4E+84814]
	Ordinal0 [0x000D4AD9+84697]
	Ordinal0 [0x002CCE64+2149988]
	GetHandleVerifier [0x0053BE95+1400773]
	GetHandleVerifier [0x0053BB61+1399953]
	GetHandleVerifier [0x005431FA+1430314]
	GetHandleVerifier [0x0053C69F+1402831]
	Ordinal0 [0x002C3D61+2112865]
	Ordinal0 [0x002CE5CB+2155979]
	Ordinal0 [0x002CE6F5+2156277]
	Ordinal0 [0x002DF26E+2224750]
	BaseThreadInitThunk [0x76173C45+18]
	RtlInitializeExceptionChain [0x77A237F5+239]
	RtlInitializeExceptionChain [0x77A237C8+194]
">
      <![CDATA[org.openqa.selenium.SessionNotCreatedException: session not created: This version of ChromeDriver only supports Chrome version 86
Current browser version is 88.0.4324.190 with binary path C:\Program Files\Google\Chrome\Application\chrome.exe
Build info: version: '3.141.59', revision: 'e82be7d358', time: '2018-11-14T08:25:48'
System info: host: 'KAUSHIK-PC', ip: '192.168.15.13', os.name: 'Windows 7', os.arch: 'x86', os.version: '6.1', java.version: '1.8.0_231'
Driver info: driver.version: ChromeDriver
remote stacktrace: Backtrace:
	Ordinal0 [0x003CC013+3194899]
	Ordinal0 [0x002B6021+2056225]
	Ordinal0 [0x0014F608+587272]
	Ordinal0 [0x000D1BF3+72691]
	Ordinal0 [0x000CE229+57897]
	Ordinal0 [0x000CC64A+50762]
	Ordinal0 [0x000F1EE9+204521]
	Ordinal0 [0x000F1D0D+204045]
	Ordinal0 [0x000EFC1B+195611]
	Ordinal0 [0x000D3B7F+80767]
	Ordinal0 [0x000D4B4E+84814]
	Ordinal0 [0x000D4AD9+84697]
	Ordinal0 [0x002CCE64+2149988]
	GetHandleVerifier [0x0053BE95+1400773]
	GetHandleVerifier [0x0053BB61+1399953]
	GetHandleVerifier [0x005431FA+1430314]
	GetHandleVerifier [0x0053C69F+1402831]
	Ordinal0 [0x002C3D61+2112865]
	Ordinal0 [0x002CE5CB+2155979]
	Ordinal0 [0x002CE6F5+2156277]
	Ordinal0 [0x002DF26E+2224750]
	BaseThreadInitThunk [0x76173C45+18]
	RtlInitializeExceptionChain [0x77A237F5+239]
	RtlInitializeExceptionChain [0x77A237C8+194]

	at sun.reflect.NativeConstructorAccessorImpl.newInstance0(Native Method)
	at sun.reflect.NativeConstructorAccessorImpl.newInstance(Unknown Source)
	at sun.reflect.DelegatingConstructorAccessorImpl.newInstance(Unknown Source)
	at java.lang.reflect.Constructor.newInstance(Unknown Source)
	at org.openqa.selenium.remote.W3CHandshakeResponse.lambda$errorHandler$0(W3CHandshakeResponse.java:62)
	at org.openqa.selenium.remote.HandshakeResponse.lambda$getResponseFunction$0(HandshakeResponse.java:30)
	at org.openqa.selenium.remote.ProtocolHandshake.lambda$createSession$0(ProtocolHandshake.java:126)
	at java.util.stream.ReferencePipeline$3$1.accept(Unknown Source)
	at java.util.Spliterators$ArraySpliterator.tryAdvance(Unknown Source)
	at java.util.stream.ReferencePipeline.forEachWithCancel(Unknown Source)
	at java.util.stream.AbstractPipeline.copyIntoWithCancel(Unknown Source)
	at java.util.stream.AbstractPipeline.copyInto(Unknown Source)
	at java.util.stream.AbstractPipeline.wrapAndCopyInto(Unknown Source)
	at java.util.stream.FindOps$FindOp.evaluateSequential(Unknown Source)
	at java.util.stream.AbstractPipeline.evaluate(Unknown Source)
	at java.util.stream.ReferencePipeline.findFirst(Unknown Source)
	at org.openqa.selenium.remote.ProtocolHandshake.createSession(ProtocolHandshake.java:128)
	at org.openqa.selenium.remote.ProtocolHandshake.createSession(ProtocolHandshake.java:74)
	at org.openqa.selenium.remote.HttpCommandExecutor.execute(HttpCommandExecutor.java:136)
	at org.openqa.selenium.remote.service.DriverCommandExecutor.execute(DriverCommandExecutor.java:83)
	at org.openqa.selenium.remote.RemoteWebDriver.execute(RemoteWebDriver.java:552)
	at org.openqa.selenium.remote.RemoteWebDriver.startSession(RemoteWebDriver.java:213)
	at org.openqa.selenium.remote.RemoteWebDriver.<init>(RemoteWebDriver.java:131)
	at org.openqa.selenium.chrome.ChromeDriver.<init>(ChromeDriver.java:181)
	at org.openqa.selenium.chrome.ChromeDriver.<init>(ChromeDriver.java:168)
	at org.openqa.selenium.chrome.ChromeDriver.<init>(ChromeDriver.java:123)
	at testbasepage.TestBase.Browseroption(TestBase.java:19)
	at testbasepage.TestBase.BrowserConfiguration(TestBase.java:30)
	at sun.reflect.NativeMethodAccessorImpl.invoke0(Native Method)
	at sun.reflect.NativeMethodAccessorImpl.invoke(Unknown Source)
	at sun.reflect.DelegatingMethodAccessorImpl.invoke(Unknown Source)
	at java.lang.reflect.Method.invoke(Unknown Source)
	at org.testng.internal.MethodInvocationHelper.invokeMethod(MethodInvocationHelper.java:104)
	at org.testng.internal.Invoker.invokeConfigurationMethod(Invoker.java:515)
	at org.testng.internal.Invoker.invokeConfigurations(Invoker.java:217)
	at org.testng.internal.Invoker.invokeConfigurations(Invoker.java:144)
	at org.testng.SuiteRunner.privateRun(SuiteRunner.java:326)
	at org.testng.SuiteRunner.run(SuiteRunner.java:289)
	at org.testng.SuiteRunnerWorker.runSuite(SuiteRunnerWorker.java:52)
	at org.testng.SuiteRunnerWorker.run(SuiteRunnerWorker.java:86)
	at org.testng.TestNG.runSuitesSequentially(TestNG.java:1293)
	at org.testng.TestNG.runSuitesLocally(TestNG.java:1218)
	at org.testng.TestNG.runSuites(TestNG.java:1133)
	at org.testng.TestNG.run(TestNG.java:1104)
	at org.testng.remote.AbstractRemoteTestNG.run(AbstractRemoteTestNG.java:132)
	at org.testng.remote.RemoteTestNG.initAndRun(RemoteTestNG.java:236)
	at org.testng.remote.RemoteTestNG.main(RemoteTestNG.java:81)
]]>
    </error>
  </testcase> <!-- BrowserConfiguration -->
  <testcase name="testWindow" time="0.015" classname="windowHandle.WindowHandles">
    <skipped/>
  </testcase> <!-- testWindow -->
</testsuite> <!-- windowHandle.WindowHandles -->
